<?xml version="1.0" encoding="UTF-8"?>
<!-- Generated by org.testng.reporters.JUnitReportReporter -->
<testsuite hostname="LAPTOP-37FJT3LB" failures="0" tests="1" name="TestClasses.LoginTestCRM" time="12.323" errors="0" timestamp="06 Oct 2021 13:22:08 GMT" skipped="0">
  <testcase classname="TestClasses.LoginTestCRM" name="LoginTest" time="12.323"/>
</testsuite> <!-- TestClasses.LoginTestCRM -->
