<?xml version="1.0" encoding="UTF-8"?>
<!-- Generated by org.testng.reporters.JUnitReportReporter -->
<testsuite hostname="LAPTOP-37FJT3LB" failures="0" tests="7" name="TestClasses.AlertLinkTest" time="5.613" errors="0" timestamp="06 Oct 2021 13:22:08 GMT" skipped="0">
  <testcase classname="TestClasses.AlertLinkTest" name="redirectToAlertTest" time="1.451"/>
  <testcase classname="TestClasses.AlertLinkTest" name="alertSelectTest" time="0.228"/>
  <testcase classname="TestClasses.AlertLinkTest" name="globalAlertSelectTest" time="0.197"/>
  <testcase classname="TestClasses.AlertLinkTest" name="triggerAlertSelectTest" time="0.175"/>
  <testcase classname="TestClasses.AlertLinkTest" name="emailAlertTest" time="0.178"/>
  <testcase classname="TestClasses.AlertLinkTest" name="radioButtonTest" time="0.141"/>
  <testcase classname="TestClasses.AlertLinkTest" name="saveButtonTest" time="3.243"/>
</testsuite> <!-- TestClasses.AlertLinkTest -->
