<?xml version="1.0" encoding="UTF-8"?>
<!-- Generated by org.testng.reporters.JUnitReportReporter -->
<testsuite hostname="LAPTOP-37FJT3LB" failures="0" tests="5" name="TestClasses.ContactsTest" time="6.941" errors="0" timestamp="06 Oct 2021 13:22:08 GMT" skipped="0">
  <testcase classname="TestClasses.ContactsTest" name="contactLinkTest" time="5.033"/>
  <testcase classname="TestClasses.ContactsTest" name="nameTextboxTest" time="0.883"/>
  <testcase classname="TestClasses.ContactsTest" name="suffixDropdownTest" time="0.720"/>
  <testcase classname="TestClasses.ContactsTest" name="fileUploadTest" time="0.111"/>
  <testcase classname="TestClasses.ContactsTest" name="selctTitleDropdownTest" time="0.194"/>
</testsuite> <!-- TestClasses.ContactsTest -->
