<?xml version="1.0" encoding="UTF-8"?>
<!-- Generated by org.testng.reporters.JUnitReportReporter -->
<testsuite hostname="LAPTOP-37FJT3LB" failures="0" tests="5" name="TestClasses.ContactsTest" time="10.162" errors="0" timestamp="21 Oct 2021 07:01:59 GMT" skipped="0">
  <testcase classname="TestClasses.ContactsTest" name="contactLinkTest" time="9.009"/>
  <testcase classname="TestClasses.ContactsTest" name="nameTextboxTest" time="0.434"/>
  <testcase classname="TestClasses.ContactsTest" name="suffixDropdownTest" time="0.357"/>
  <testcase classname="TestClasses.ContactsTest" name="fileUploadTest" time="0.154"/>
  <testcase classname="TestClasses.ContactsTest" name="selctTitleDropdownTest" time="0.208"/>
</testsuite> <!-- TestClasses.ContactsTest -->
