<?xml version="1.0" encoding="UTF-8"?>
<!-- Generated by org.testng.reporters.JUnitReportReporter -->
<testsuite hostname="LAPTOP-37FJT3LB" failures="0" tests="1" name="TestClasses.LoginTestCRM" time="24.658" errors="0" timestamp="07 Oct 2021 12:19:03 GMT" skipped="0">
  <testcase classname="TestClasses.LoginTestCRM" name="LoginTest" time="24.658"/>
</testsuite> <!-- TestClasses.LoginTestCRM -->
