<?xml version="1.0" encoding="UTF-8"?>
<!-- Generated by org.testng.reporters.JUnitReportReporter -->
<testsuite hostname="LAPTOP-37FJT3LB" failures="0" tests="5" name="TestClasses.ContactsTest" time="5.508" errors="0" timestamp="07 Oct 2021 12:19:03 GMT" skipped="0">
  <testcase classname="TestClasses.ContactsTest" name="contactLinkTest" time="4.234"/>
  <testcase classname="TestClasses.ContactsTest" name="nameTextboxTest" time="0.632"/>
  <testcase classname="TestClasses.ContactsTest" name="suffixDropdownTest" time="0.309"/>
  <testcase classname="TestClasses.ContactsTest" name="fileUploadTest" time="0.146"/>
  <testcase classname="TestClasses.ContactsTest" name="selctTitleDropdownTest" time="0.187"/>
</testsuite> <!-- TestClasses.ContactsTest -->
