<?xml version="1.0" encoding="UTF-8"?>
<!-- Generated by org.testng.reporters.JUnitReportReporter -->
<testsuite hostname="LAPTOP-37FJT3LB" failures="0" tests="1" name="TestClasses.LoginTestCRM" time="7.940" errors="0" timestamp="21 Oct 2021 07:01:59 GMT" skipped="0">
  <testcase classname="TestClasses.LoginTestCRM" name="LoginTest" time="7.940"/>
</testsuite> <!-- TestClasses.LoginTestCRM -->
